<?xml version="1.0" encoding="UTF-8"?>
<!-- Generated by org.testng.reporters.JUnitReportReporter -->
<testsuite skipped="0" hostname="JFSF16135683" name="com.makaan.qa.testpages.LogoutTestPage" tests="1" failures="0" timestamp="16 Jul 2020 11:15:45 GMT" time="17.506" errors="0">
  <testcase name="verifylogout" time="17.506" classname="com.makaan.qa.testpages.LogoutTestPage"/>
</testsuite> <!-- com.makaan.qa.testpages.LogoutTestPage -->
