<?xml version="1.0" encoding="UTF-8"?>
<!-- Generated by org.testng.reporters.JUnitReportReporter -->
<testsuite skipped="0" hostname="JFSF16135683" name="com.makaan.qa.testpages.HomeLoanTestPage" tests="3" failures="0" timestamp="16 Jul 2020 15:53:08 GMT" time="51.470" errors="0">
  <testcase name="get_monthly_emi_calc" time="19.440" classname="com.makaan.qa.testpages.HomeLoanTestPage"/>
  <testcase name="get_monthly_emi_calc" time="15.787" classname="com.makaan.qa.testpages.HomeLoanTestPage"/>
  <testcase name="get_monthly_emi_calc" time="16.243" classname="com.makaan.qa.testpages.HomeLoanTestPage"/>
</testsuite> <!-- com.makaan.qa.testpages.HomeLoanTestPage -->
