<?xml version="1.0" encoding="UTF-8"?>
<!-- Generated by org.testng.reporters.JUnitReportReporter -->
<testsuite skipped="0" hostname="JFSF16135683" name="com.makaan.qa.testpages.ForgotTestPage" tests="2" failures="0" timestamp="15 Jul 2020 07:58:05 GMT" time="32.544" errors="0">
  <testcase name="verifyforgotpasswrod" time="10.882" classname="com.makaan.qa.testpages.ForgotTestPage"/>
  <testcase name="verify_send_otp" time="21.662" classname="com.makaan.qa.testpages.ForgotTestPage"/>
</testsuite> <!-- com.makaan.qa.testpages.ForgotTestPage -->
