<?xml version="1.0" encoding="UTF-8"?>
<!-- Generated by org.testng.reporters.JUnitReportReporter -->
<testsuite skipped="0" hostname="JFSF16135683" name="com.makaan.qa.testpages.LoginTestPage" tests="2" failures="0" timestamp="15 Jul 2020 07:58:05 GMT" time="20.679" errors="0">
  <testcase name="verifytitle" time="9.794" classname="com.makaan.qa.testpages.LoginTestPage"/>
  <testcase name="verifylogin" time="10.885" classname="com.makaan.qa.testpages.LoginTestPage"/>
</testsuite> <!-- com.makaan.qa.testpages.LoginTestPage -->
