<?xml version="1.0" encoding="UTF-8"?>
<!-- Generated by org.testng.reporters.JUnitReportReporter -->
<testsuite skipped="0" hostname="JFSF16135683" name="com.makaan.qa.testpages.GetAppLinkTestPage" tests="3" failures="0" timestamp="15 Jul 2020 07:58:05 GMT" time="40.447" errors="0">
  <testcase name="verifymobilenumber" time="9.923" classname="com.makaan.qa.testpages.GetAppLinkTestPage"/>
  <testcase name="verify_play_store_link" time="9.189" classname="com.makaan.qa.testpages.GetAppLinkTestPage"/>
  <testcase name="verify_app_store_link" time="21.335" classname="com.makaan.qa.testpages.GetAppLinkTestPage"/>
</testsuite> <!-- com.makaan.qa.testpages.GetAppLinkTestPage -->
