<?xml version="1.0" encoding="UTF-8"?>
<!-- Generated by org.testng.reporters.JUnitReportReporter -->
<testsuite skipped="0" hostname="JFSF16135683" name="com.makaan.qa.testpages.HomePageTest" tests="5" failures="0" timestamp="15 Jul 2020 07:58:05 GMT" time="56.201" errors="0">
  <testcase name="verifylogo" time="8.346" classname="com.makaan.qa.testpages.HomePageTest"/>
  <testcase name="verifylist" time="8.968" classname="com.makaan.qa.testpages.HomePageTest"/>
  <testcase name="verify_buy_gettext" time="18.722" classname="com.makaan.qa.testpages.HomePageTest"/>
  <testcase name="verify_rent_gettext" time="9.119" classname="com.makaan.qa.testpages.HomePageTest"/>
  <testcase name="verify_agents_gettext" time="11.046" classname="com.makaan.qa.testpages.HomePageTest"/>
</testsuite> <!-- com.makaan.qa.testpages.HomePageTest -->
