<?xml version="1.0" encoding="UTF-8"?>
<!-- Generated by org.testng.reporters.JUnitReportReporter -->
<testsuite skipped="0" hostname="JFSF16135683" name="com.makaan.qa.testpages.HomePageTest" tests="5" failures="0" timestamp="16 Jul 2020 14:16:49 GMT" time="49.819" errors="0">
  <testcase name="verifylogo" time="10.559" classname="com.makaan.qa.testpages.HomePageTest"/>
  <testcase name="verifylist" time="14.021" classname="com.makaan.qa.testpages.HomePageTest"/>
  <testcase name="verify_buy_gettext" time="7.856" classname="com.makaan.qa.testpages.HomePageTest"/>
  <testcase name="verify_rent_gettext" time="8.531" classname="com.makaan.qa.testpages.HomePageTest"/>
  <testcase name="verify_agents_gettext" time="8.852" classname="com.makaan.qa.testpages.HomePageTest"/>
</testsuite> <!-- com.makaan.qa.testpages.HomePageTest -->
