<?xml version="1.0" encoding="UTF-8"?>
<!-- Generated by org.testng.reporters.JUnitReportReporter -->
<testsuite skipped="0" hostname="JFSF16135683" name="com.makaan.qa.testpages.HomeLoanTestPage" tests="3" failures="0" timestamp="17 Jul 2020 16:52:50 GMT" time="48.581" errors="0">
  <testcase name="get_monthly_emi_calc" time="16.556" classname="com.makaan.qa.testpages.HomeLoanTestPage"/>
  <testcase name="get_monthly_emi_calc" time="16.435" classname="com.makaan.qa.testpages.HomeLoanTestPage"/>
  <testcase name="get_monthly_emi_calc" time="15.590" classname="com.makaan.qa.testpages.HomeLoanTestPage"/>
</testsuite> <!-- com.makaan.qa.testpages.HomeLoanTestPage -->
