<?xml version="1.0" encoding="UTF-8"?>
<!-- Generated by org.testng.reporters.JUnitReportReporter -->
<testsuite skipped="0" hostname="JFSF16135683" name="com.makaan.qa.testpages.LoginTestPage" tests="2" failures="0" timestamp="17 Jul 2020 16:52:50 GMT" time="21.953" errors="0">
  <testcase name="verifytitle" time="8.434" classname="com.makaan.qa.testpages.LoginTestPage"/>
  <testcase name="verifylogin" time="13.519" classname="com.makaan.qa.testpages.LoginTestPage"/>
</testsuite> <!-- com.makaan.qa.testpages.LoginTestPage -->
