<?xml version="1.0" encoding="UTF-8"?>
<!-- Generated by org.testng.reporters.JUnitReportReporter -->
<testsuite skipped="0" hostname="JFSF16135683" name="com.makaan.qa.testpages.LogoutTestPage" tests="1" failures="0" timestamp="17 Jul 2020 16:52:50 GMT" time="19.436" errors="0">
  <testcase name="verifylogout" time="19.436" classname="com.makaan.qa.testpages.LogoutTestPage"/>
</testsuite> <!-- com.makaan.qa.testpages.LogoutTestPage -->
