<?xml version="1.0" encoding="UTF-8"?>
<!-- Generated by org.testng.reporters.JUnitReportReporter -->
<testsuite skipped="0" hostname="JFSF16135683" name="com.makaan.qa.testpages.GetAppLinkTestPage" tests="3" failures="0" timestamp="17 Jul 2020 16:52:50 GMT" time="32.355" errors="0">
  <testcase name="verifymobilenumber" time="9.575" classname="com.makaan.qa.testpages.GetAppLinkTestPage"/>
  <testcase name="verify_play_store_link" time="8.697" classname="com.makaan.qa.testpages.GetAppLinkTestPage"/>
  <testcase name="verify_app_store_link" time="14.083" classname="com.makaan.qa.testpages.GetAppLinkTestPage"/>
</testsuite> <!-- com.makaan.qa.testpages.GetAppLinkTestPage -->
