<?xml version="1.0" encoding="UTF-8"?>
<!-- Generated by org.testng.reporters.JUnitReportReporter -->
<testsuite skipped="0" hostname="JFSF16135683" name="com.makaan.qa.testpages.ForgotTestPage" tests="2" failures="0" timestamp="17 Jul 2020 16:52:50 GMT" time="26.720" errors="0">
  <testcase name="verifyforgotpasswrod" time="10.731" classname="com.makaan.qa.testpages.ForgotTestPage"/>
  <testcase name="verify_send_otp" time="15.989" classname="com.makaan.qa.testpages.ForgotTestPage"/>
</testsuite> <!-- com.makaan.qa.testpages.ForgotTestPage -->
